OPAL-X> configure done argc= 4
OPAL-X>               ____  _____        _       __   __
OPAL-X> 
OPAL-X> This is OPAL-X (Object Oriented Parallel Accelerator Library) Version 1.0
OPAL-X>             git rev. 9a886cdeadd71b47795dec458bf7988e26495b1d
OPAL-X> 
OPAL-X> 
OPAL-X>                      (c) PSI, http://amas.web.psi.ch
OPAL-X> 
OPAL-X> 
OPAL-X> This is the performance portable version of OPAL
OPAL-X> 
OPAL-X> Please send cookies, goodies or other motivations (wine and beer ... ) 
OPAL-X> to the OPAL developers 
OPAL-X> 
OPAL-X> Time: 21:39:58 date: 20/01/2026
OPAL-X> 
OPAL-X> * Host:   OpenMP
OPAL-X> * Device: OpenMP
OPAL-X> 
OPAL-X> * Reading input stream 'fodo-1.in'
OPAL-X> 
OPAL-X> value: {EDES,P0,OPALVERSION} = {1, 1.00051, 10000}
OPAL-X> 
OPAL-X> * Number of distributions  1
OPAL-X> 
OPAL-X> * ************* D I S T R I B U T I O N ********************************************
OPAL-X> * 
OPAL-X> * Distribution type: GAUSS
OPAL-X> * 
OPAL-X> * SIGMAX     = 0.01 [m]
OPAL-X> * SIGMAY     = 0.01 [m]
OPAL-X> * SIGMAZ     = 0.01 [m]
OPAL-X> * SIGMAPX    = 0 [Beta Gamma]
OPAL-X> * SIGMAPY    = 0 [Beta Gamma]
OPAL-X> * SIGMAPZ    = 0 [Beta Gamma]
OPAL-X> * 
OPAL-X> * Distribution is injected.
OPAL-X> * 
OPAL-X> * **********************************************************************************
OPAL-X> 
OPAL-X> * ************* F I E L D S O L V E R ********************************************** 
OPAL-X> * FIELDSOLVER  FS_SC
OPAL-X> * TYPE         NONE
OPAL-X> * RANKS       1
OPAL-X> * NX           16
OPAL-X> * NY           16
OPAL-X> * NZ           16
OPAL-X> * BBOXINCR     1
OPAL-X> * GREENSF      INTEGRATED
OPAL-X> * XDIM         serial  
OPAL-X> * YDIM         serial  
OPAL-X> * ZDIM      parallel  
OPAL-X> * ********************************************************************************** 
OPAL-X> 
OPAL-X> * ************* B E A M ************************************************************ 
OPAL-X> * BEAM        BEAM1
OPAL-X> * PARTICLE    ELECTRON
OPAL-X> * REST MASS   0.000510999 [GeV]
OPAL-X> * CHARGE      -e * 1 
OPAL-X> * MOMENTUM    1.00051e+09 [eV/c]
OPAL-X> * MOMENTUM    1.00051 [GeV/c]
OPAL-X> * CURRENT     2.08283e-06 [A]
OPAL-X> * FREQUENCY   1300 [MHz]
OPAL-X> * NPART       10000
OPAL-X> * ********************************************************************************** 
OPAL-X> 
OPAL-X> * Macro charge per particle [eV]: -1.60218e-19
OPAL-X> * Macro mass per particle: [GeV/c^2] 0.000510999
OPAL-X> * Particles per macro particle: 1
OPAL-X> PartBunch Constructor
OPAL-X> * FieldContainer set to isAllPeriodic = 0
AdaptBins> AdaptBins initialized with maxBins = 128, alpha = 1, beta = 1.5, desiredWidth = 0.1
KOKKOS DEBUG> =====================================
KOKKOS DEBUG>  Kokkos Debug Information (Rank 0)
KOKKOS DEBUG> =====================================
KOKKOS DEBUG> CPU Threads (OpenMP): 2
KOKKOS DEBUG> CUDA: GPU support disabled.
KOKKOS DEBUG> Default Execution Space Concurrency: 2
KOKKOS DEBUG> Binning cost function parameters: alpha = 1, beta = 1.5, desiredWidth = 0.1
KOKKOS DEBUG> =====================================
initializeFields > mesh spacing = ( 0.375 , 0.375 , 0.375 )
initializeFields > origin       = ( -3 , -3 , -3 )
initializeFields > FL           = Domain = {[0:15:1],[0:15:1],[0:15:1]}
initializeFields > Total number of boxes = 1
initializeFields >     Box 0 {[0:15:1],[0:15:1],[0:15:1]}
initializeFields > 
initSolverWithParams > NullSolver used
OPAL-X> * Solver and Load Balancer set
OPAL-X> * PartBunch constructor done.
OPAL-X> not implemented
OPAL-X> * BCHandler<3>: [OPEN, OPEN, OPEN]
OPAL-X> number_of_processors 88
OPAL-X> MPI_Comm_size 1
OPAL-X> * About to create particles ...
OPAL-X> * Particle creation done
OPAL-X> 
OPAL-X> * ************** B U N C H ********************************************************* 
OPAL-X> * PARTICLES       = 10000
OPAL-X> * CHARGE          = -1.602177e-15 (Cb) 
OPAL-X> * INTEGRATOR      = LF2
OPAL-X> * MIN R (origin)  = (    -30.03787 ,    -29.29929 ,    -29.89586 ) [mm]
OPAL-X> * MAX R (max ext) = (     29.74724 ,     30.08156 ,     29.90562 ) [mm]
OPAL-X> * RMS R           = (      9.91962 ,      9.93248 ,      9.92000 ) [mm]
OPAL-X> * RMS P           = ( 0.000000e+00 , 0.000000e+00 , 7.025847e-11 ) [beta gamma]
OPAL-X> * Mean R: ( -2.595146e-19 , -9.658940e-19 , 1.554312e-19 ) [m]
OPAL-X> * Mean P: ( 0.000000e+00 , 0.000000e+00 , 1.957951e+03 ) [beta gamma]
OPAL-X> * MESH SPACING    = (      3.77394 ,      3.74842 ,      3.77497 ) [mm]
OPAL-X> * COMPDOM INCR    = 1.000000e+00 (%) 
OPAL-X> * FIELD LAYOUT    = Domain = {[0:15:1],[0:15:1],[0:15:1]}
OPAL-X> Total number of boxes = 1
OPAL-X>     Box 0 {[0:15:1],[0:15:1],[0:15:1]}
OPAL-X> 
OPAL-X> * Centroid : 
OPAL-X> * -2.595146e-15 0.000000e+00 -9.658940e-15 0.000000e+00 1.554312e-15 1.957951e+07 
OPAL-X> * Cov Matrix : 
OPAL-X> * 9.839896e-05 0.000000e+00 6.480036e-07 0.000000e+00 -1.293501e-06 6.300790e-30 
OPAL-X> * 0.000000e+00 0.000000e+00 0.000000e+00 0.000000e+00 0.000000e+00 0.000000e+00 
OPAL-X> * 6.480036e-07 0.000000e+00 9.865416e-05 0.000000e+00 4.954010e-07 6.203855e-29 
OPAL-X> * 0.000000e+00 0.000000e+00 0.000000e+00 0.000000e+00 0.000000e+00 0.000000e+00 
OPAL-X> * -1.293501e-06 0.000000e+00 4.954010e-07 0.000000e+00 9.840648e-05 -3.877409e-30 
OPAL-X> * 6.300790e-30 0.000000e+00 6.203855e-29 0.000000e+00 -3.877409e-30 4.936252e-21 
OPAL-X> * * ********************************************************************************** 
OPAL-X> * Creating new file for data: 'fodo-1.stat'
OPAL-X> * Creating new file for data: 'fodo-1.lbal'
OPAL-X> * FOCUS_POLE_0 gone live
OPAL-X> * FIRST_DRIFT_0 gone live
OPAL-X> * DEFOCUS_POLE_0 gone live
OPAL-X> * SECOND_DRIFT_0 gone live
OPAL-X> * FOCUS_POLE_1 gone live
OPAL-X> * FIRST_DRIFT_1 gone live
OPAL-X> * DEFOCUS_POLE_1 gone live
OPAL-X> * SECOND_DRIFT_1 gone live
OPAL-X> * FOCUS_POLE_2 gone live
OPAL-X> * FIRST_DRIFT_2 gone live
OPAL-X> * DEFOCUS_POLE_2 gone live
OPAL-X> * SECOND_DRIFT_2 gone live
OPAL-X> * FOCUS_POLE_3 gone live
OPAL-X> * FIRST_DRIFT_3 gone live
OPAL-X> * DEFOCUS_POLE_3 gone live
OPAL-X> * SECOND_DRIFT_3 gone live
OPAL-X> * FOCUS_POLE_4 gone live
OPAL-X> * FIRST_DRIFT_4 gone live
OPAL-X> * DEFOCUS_POLE_4 gone live
OPAL-X> * SECOND_DRIFT_4 gone live
OPAL-X> * FOCUS_POLE_5 gone live
OPAL-X> * FIRST_DRIFT_5 gone live
OPAL-X> * DEFOCUS_POLE_5 gone live
OPAL-X> * SECOND_DRIFT_5 gone live
OPAL-X> * FOCUS_POLE_6 gone live
OPAL-X> * FIRST_DRIFT_6 gone live
OPAL-X> * DEFOCUS_POLE_6 gone live
OPAL-X> * SECOND_DRIFT_6 gone live
OPAL-X> * FOCUS_POLE_7 gone live
OPAL-X> * FIRST_DRIFT_7 gone live
OPAL-X> * DEFOCUS_POLE_7 gone live
OPAL-X> * SECOND_DRIFT_7 gone live
OPAL-X> * FOCUS_POLE_8 gone live
OPAL-X> * FIRST_DRIFT_8 gone live
OPAL-X> * DEFOCUS_POLE_8 gone live
OPAL-X> * SECOND_DRIFT_8 gone live
OPAL-X> * FOCUS_POLE_9 gone live
OPAL-X> * FIRST_DRIFT_9 gone live
OPAL-X> * DEFOCUS_POLE_9 gone live
OPAL-X> * SECOND_DRIFT_9 gone live
OPAL-X> ParallelTrack: momentum=  1957.95
OPAL-X> itsBunch_m->RefPartR_m= ( -2.59515e-19 , -9.65894e-19 , 1.55431e-19 )
OPAL-X> itsBunch_m->RefPartP_m= ( 0 , 0 , 1957.95 )
OPAL-X> OrbitThreader dt_m= 1e-10
OPAL-X> OrbitThreader maxDistance= 1.79769e+308
OPAL-X> OrbitThreader #elements  = 1
OPAL-X> OrbitThreader maxDistance= 10
OPAL-X> OrbitThreader #elements  = 1
OPAL-X> 
OPAL-X> * Size of map 2 sections 
OPAL-X> * Key: (0.000000 - 0.509647) number of overlapping elements 1
OPAL-X> *                            FOCUS_POLE_0
OPAL-X> * Key: (0.509647 - 2.997924) number of overlapping elements 1
OPAL-X> *                            FIRST_DRIFT_0
OPAL-X> 
OPAL-X> * Creating new file for data: 'data/fodo-1_ElementPositions.sdds'
OPAL-X> * Track start at: 21:39:58, t= 0.000 [fs]; zstart at: 0.000 [um]
OPAL-X> * Executing ParallelTracker
OPAL-X> * Initial dt = 100.000 [ps]
OPAL-X> * Max integration steps = 20, next step = 0
OPAL-X> 
OPAL-X>                dt [ns]           zStop [m]        num Steps [1]
OPAL-X> ->         1.000000e-10        6.000000e+01                  20
PartBunch::performBunchSanityChecks> BC Handler initialized properly.
OPAL-X> * Switched to unitless positions.
OPAL-X> * Switched to physical positions.
Multipole::apply() called
-1.0000000000000000e+00 5.1099895000000001e+05
OPAL-X> * Switched to unitless positions.
OPAL-X> * Switched to physical positions.
OPAL-X> * 21:39:58 Step      0 at 29.979 [mm], t= 100.000 [ps], E=1000.000 [keV]
OPAL-X> * Wrote beam statistics.
OPAL-X> not implemented
OPAL-X> not implemented
OPAL-X> * Switched to unitless positions.
OPAL-X> * Switched to physical positions.
Multipole::apply() called
-1.0000000000000000e+00 5.1099895000000001e+05
OPAL-X> * Switched to unitless positions.
OPAL-X> * Switched to physical positions.
OPAL-X> * 21:39:59 Step      1 at 59.958 [mm], t= 200.000 [ps], E=1000.000 [keV]
OPAL-X> * Wrote beam statistics.
OPAL-X> not implemented
OPAL-X> not implemented
OPAL-X> * Switched to unitless positions.
OPAL-X> * Switched to physical positions.
Multipole::apply() called
-1.0000000000000000e+00 5.1099895000000001e+05
OPAL-X> * Switched to unitless positions.
OPAL-X> * Switched to physical positions.
OPAL-X> * 21:39:59 Step      2 at 89.938 [mm], t= 300.000 [ps], E=1000.000 [keV]
OPAL-X> * Wrote beam statistics.
OPAL-X> not implemented
OPAL-X> not implemented
OPAL-X> * Switched to unitless positions.
OPAL-X> * Switched to physical positions.
Multipole::apply() called
-1.0000000000000000e+00 5.1099895000000001e+05
OPAL-X> * Switched to unitless positions.
OPAL-X> * Switched to physical positions.
OPAL-X> * 21:39:59 Step      3 at 119.917 [mm], t= 400.000 [ps], E=1000.000 [keV]
OPAL-X> * Wrote beam statistics.
OPAL-X> not implemented
OPAL-X> not implemented
OPAL-X> * Switched to unitless positions.
OPAL-X> * Switched to physical positions.
Multipole::apply() called
-1.0000000000000000e+00 5.1099895000000001e+05
OPAL-X> * Switched to unitless positions.
OPAL-X> * Switched to physical positions.
OPAL-X> * 21:39:59 Step      4 at 149.896 [mm], t= 500.000 [ps], E=1.000 [MeV]
OPAL-X> * Wrote beam statistics.
OPAL-X> not implemented
OPAL-X> not implemented
OPAL-X> * Switched to unitless positions.
OPAL-X> * Switched to physical positions.
Multipole::apply() called
-1.0000000000000000e+00 5.1099895000000001e+05
OPAL-X> * Switched to unitless positions.
OPAL-X> * Switched to physical positions.
OPAL-X> * 21:39:59 Step      5 at 179.875 [mm], t= 600.000 [ps], E=1.000 [MeV]
OPAL-X> * Wrote beam statistics.
OPAL-X> not implemented
OPAL-X> not implemented
OPAL-X> * Switched to unitless positions.
OPAL-X> * Switched to physical positions.
Multipole::apply() called
-1.0000000000000000e+00 5.1099895000000001e+05
OPAL-X> * Switched to unitless positions.
OPAL-X> * Switched to physical positions.
OPAL-X> * 21:39:59 Step      6 at 209.855 [mm], t= 700.000 [ps], E=1.000 [MeV]
OPAL-X> * Wrote beam statistics.
OPAL-X> not implemented
OPAL-X> not implemented
OPAL-X> * Switched to unitless positions.
OPAL-X> * Switched to physical positions.
Multipole::apply() called
-1.0000000000000000e+00 5.1099895000000001e+05
OPAL-X> * Switched to unitless positions.
OPAL-X> * Switched to physical positions.
OPAL-X> * 21:39:59 Step      7 at 239.834 [mm], t= 800.000 [ps], E=1.000 [MeV]
OPAL-X> * Wrote beam statistics.
OPAL-X> not implemented
OPAL-X> not implemented
OPAL-X> * Switched to unitless positions.
OPAL-X> * Switched to physical positions.
Multipole::apply() called
-1.0000000000000000e+00 5.1099895000000001e+05
OPAL-X> * Switched to unitless positions.
OPAL-X> * Switched to physical positions.
OPAL-X> * 21:39:59 Step      8 at 269.813 [mm], t= 900.000 [ps], E=1.000 [MeV]
OPAL-X> * Wrote beam statistics.
OPAL-X> not implemented
OPAL-X> not implemented
OPAL-X> * Switched to unitless positions.
OPAL-X> * Switched to physical positions.
Multipole::apply() called
-1.0000000000000000e+00 5.1099895000000001e+05
OPAL-X> * Switched to unitless positions.
OPAL-X> * Switched to physical positions.
OPAL-X> * 21:40:00 Step      9 at 299.792 [mm], t= 1.000 [ns], E=1.000 [MeV]
OPAL-X> * Wrote beam statistics.
OPAL-X> not implemented
OPAL-X> not implemented
OPAL-X> * Switched to unitless positions.
OPAL-X> * Switched to physical positions.
Multipole::apply() called
-1.0000000000000000e+00 5.1099895000000001e+05
OPAL-X> * Switched to unitless positions.
OPAL-X> * Switched to physical positions.
OPAL-X> * 21:40:00 Step     10 at 329.772 [mm], t= 1.100 [ns], E=1.000 [MeV]
OPAL-X> * Wrote beam statistics.
OPAL-X> not implemented
OPAL-X> not implemented
OPAL-X> * Switched to unitless positions.
OPAL-X> * Switched to physical positions.
Multipole::apply() called
-1.0000000000000000e+00 5.1099895000000001e+05
OPAL-X> * Switched to unitless positions.
OPAL-X> * Switched to physical positions.
OPAL-X> * 21:40:00 Step     11 at 359.751 [mm], t= 1.200 [ns], E=1.000 [MeV]
OPAL-X> * Wrote beam statistics.
OPAL-X> not implemented
OPAL-X> not implemented
OPAL-X> * Switched to unitless positions.
OPAL-X> * Switched to physical positions.
Multipole::apply() called
-1.0000000000000000e+00 5.1099895000000001e+05
OPAL-X> * Switched to unitless positions.
OPAL-X> * Switched to physical positions.
OPAL-X> * 21:40:00 Step     12 at 389.730 [mm], t= 1.300 [ns], E=1.000 [MeV]
OPAL-X> * Wrote beam statistics.
OPAL-X> not implemented
OPAL-X> not implemented
OPAL-X> * Switched to unitless positions.
OPAL-X> * Switched to physical positions.
Multipole::apply() called
-1.0000000000000000e+00 5.1099895000000001e+05
OPAL-X> * Switched to unitless positions.
OPAL-X> * Switched to physical positions.
OPAL-X> * 21:40:00 Step     13 at 419.709 [mm], t= 1.400 [ns], E=1.000 [MeV]
OPAL-X> * Wrote beam statistics.
OPAL-X> not implemented
OPAL-X> not implemented
OPAL-X> * Switched to unitless positions.
OPAL-X> * Switched to physical positions.
Multipole::apply() called
-1.0000000000000000e+00 5.1099895000000001e+05
OPAL-X> * Switched to unitless positions.
OPAL-X> * Switched to physical positions.
OPAL-X> * 21:40:00 Step     14 at 449.689 [mm], t= 1.500 [ns], E=1.000 [MeV]
OPAL-X> * Wrote beam statistics.
OPAL-X> not implemented
OPAL-X> not implemented
OPAL-X> * Switched to unitless positions.
OPAL-X> * Switched to physical positions.
Multipole::apply() called
-1.0000000000000000e+00 5.1099895000000001e+05
OPAL-X> * Switched to unitless positions.
OPAL-X> * Switched to physical positions.
OPAL-X> * 21:40:00 Step     15 at 479.668 [mm], t= 1.600 [ns], E=1.000 [MeV]
OPAL-X> * Wrote beam statistics.
OPAL-X> not implemented
OPAL-X> not implemented
OPAL-X> * Switched to unitless positions.
OPAL-X> * Switched to physical positions.
Multipole::apply() called
-1.0000000000000000e+00 5.1099895000000001e+05
OPAL-X> * Switched to unitless positions.
OPAL-X> * Switched to physical positions.
OPAL-X> * 21:40:01 Step     16 at 509.647 [mm], t= 1.700 [ns], E=1.000 [MeV]
OPAL-X> * Wrote beam statistics.
OPAL-X> not implemented
OPAL-X> not implemented
OPAL-X> * Switched to unitless positions.
OPAL-X> * Switched to physical positions.
Multipole::apply() called
-1.0000000000000000e+00 5.1099895000000001e+05
OPAL-X> * Switched to unitless positions.
OPAL-X> * Switched to physical positions.
OPAL-X> * 21:40:01 Step     17 at 539.626 [mm], t= 1.800 [ns], E=1.000 [MeV]
OPAL-X> * Wrote beam statistics.
OPAL-X> not implemented
OPAL-X> not implemented
OPAL-X> * Switched to unitless positions.
OPAL-X> * Switched to physical positions.
Multipole::apply() called
-1.0000000000000000e+00 5.1099895000000001e+05
OPAL-X> * Switched to unitless positions.
OPAL-X> * Switched to physical positions.
OPAL-X> * 21:40:01 Step     18 at 569.606 [mm], t= 1.900 [ns], E=1.000 [MeV]
OPAL-X> * Wrote beam statistics.
OPAL-X> not implemented
OPAL-X> not implemented
OPAL-X> * Switched to unitless positions.
OPAL-X> * Switched to physical positions.
-1.0000000000000000e+00 5.1099895000000001e+05
OPAL-X> * Switched to unitless positions.
OPAL-X> * Switched to physical positions.
OPAL-X> * 21:40:01 Step     19 at 599.585 [mm], t= 2.000 [ns], E=1.000 [MeV]
OPAL-X> * Wrote beam statistics.
OPAL-X> not implemented
OPAL-X> not implemented
OPAL-X> * Dump phase space of last step
OPAL-X> * FOCUS_POLE_0 gone off
OPAL-X> * FIRST_DRIFT_0 gone off
OPAL-X> * DEFOCUS_POLE_0 gone off
OPAL-X> * SECOND_DRIFT_0 gone off
OPAL-X> * FOCUS_POLE_1 gone off
OPAL-X> * FIRST_DRIFT_1 gone off
OPAL-X> * DEFOCUS_POLE_1 gone off
OPAL-X> * SECOND_DRIFT_1 gone off
OPAL-X> * FOCUS_POLE_2 gone off
OPAL-X> * FIRST_DRIFT_2 gone off
OPAL-X> * DEFOCUS_POLE_2 gone off
OPAL-X> * SECOND_DRIFT_2 gone off
OPAL-X> * FOCUS_POLE_3 gone off
OPAL-X> * FIRST_DRIFT_3 gone off
OPAL-X> * DEFOCUS_POLE_3 gone off
OPAL-X> * SECOND_DRIFT_3 gone off
OPAL-X> * FOCUS_POLE_4 gone off
OPAL-X> * FIRST_DRIFT_4 gone off
OPAL-X> * DEFOCUS_POLE_4 gone off
OPAL-X> * SECOND_DRIFT_4 gone off
OPAL-X> * FOCUS_POLE_5 gone off
OPAL-X> * FIRST_DRIFT_5 gone off
OPAL-X> * DEFOCUS_POLE_5 gone off
OPAL-X> * SECOND_DRIFT_5 gone off
OPAL-X> * FOCUS_POLE_6 gone off
OPAL-X> * FIRST_DRIFT_6 gone off
OPAL-X> * DEFOCUS_POLE_6 gone off
OPAL-X> * SECOND_DRIFT_6 gone off
OPAL-X> * FOCUS_POLE_7 gone off
OPAL-X> * FIRST_DRIFT_7 gone off
OPAL-X> * DEFOCUS_POLE_7 gone off
OPAL-X> * SECOND_DRIFT_7 gone off
OPAL-X> * FOCUS_POLE_8 gone off
OPAL-X> * FIRST_DRIFT_8 gone off
OPAL-X> * DEFOCUS_POLE_8 gone off
OPAL-X> * SECOND_DRIFT_8 gone off
OPAL-X> * FOCUS_POLE_9 gone off
OPAL-X> * FIRST_DRIFT_9 gone off
OPAL-X> * DEFOCUS_POLE_9 gone off
OPAL-X> * SECOND_DRIFT_9 gone off
OPAL-X> 
OPAL-X> * Done executing ParallelTracker at 21:40:01
OPAL-X> 
OPAL-X> * PartBunch Destructor: Finished time step: 0 time: 0.000000e+00
OPAL-X> * End of input stream 'fodo-1.in'
Timings> ---------------------------------------------
Timings>      Timing results for 1 nodes:
Timings> ---------------------------------------------
Timings> mainTimer........... Wall tot =    3.05959
Timings> 
Timings> gatherInfoPartBunch. Wall max = 0.000202659
Timings>                      Wall avg = 0.000202659
Timings>                      Wall min = 0.000202659
Timings> 
Timings> bInitLimits......... Wall max =          0
Timings>                      Wall avg =          0
Timings>                      Wall min =          0
Timings> 
Timings> bAllReduceLimits.... Wall max =          0
Timings>                      Wall avg =          0
Timings>                      Wall min =          0
Timings> 
Timings> bAllReduceGlobalHis. Wall max =          0
Timings>                      Wall avg =          0
Timings>                      Wall min =          0
Timings> 
Timings> bAssignUniformBins.. Wall max =          0
Timings>                      Wall avg =          0
Timings>                      Wall min =          0
Timings> 
Timings> bExecuteHistoReduct. Wall max =          0
Timings>                      Wall avg =          0
Timings>                      Wall min =          0
Timings> 
Timings> bSortContainerByBin. Wall max =          0
Timings>                      Wall avg =          0
Timings>                      Wall min =          0
Timings> 
Timings> bVerifySorting...... Wall max =          0
Timings>                      Wall avg =          0
Timings>                      Wall min =          0
Timings> 
Timings> setSolver........... Wall max = 0.000246516
Timings>                      Wall avg = 0.000246516
Timings>                      Wall min = 0.000246516
Timings> 
Timings> prerun.............. Wall max = 0.00087325
Timings>                      Wall avg = 0.00087325
Timings>                      Wall min = 0.00087325
Timings> 
Timings> samplingTime........ Wall max =  0.0185638
Timings>                      Wall avg =  0.0185638
Timings>                      Wall min =  0.0185638
Timings> 
Timings> SamplingTimer....... Wall max =  0.0185033
Timings>                      Wall avg =  0.0185033
Timings>                      Wall min =  0.0185033
Timings> 
Timings> GenParticles........ Wall max =  0.0185052
Timings>                      Wall avg =  0.0185052
Timings>                      Wall min =  0.0185052
Timings> 
Timings> particleBC.......... Wall max = 0.000444957
Timings>                      Wall avg = 0.000444957
Timings>                      Wall min = 0.000444957
Timings> 
Timings> updateParticle...... Wall max =          0
Timings>                      Wall avg =          0
Timings>                      Wall min =          0
Timings> 
Timings> Write Stat.......... Wall max =  0.0227983
Timings>                      Wall avg =  0.0227983
Timings>                      Wall min =  0.0227983
Timings> 
Timings> Write H5-File....... Wall max =    1.72188
Timings>                      Wall avg =    1.72188
Timings>                      Wall min =    1.72188
Timings> 
Timings> TIntegration1....... Wall max =  0.0304438
Timings>                      Wall avg =  0.0304438
Timings>                      Wall min =  0.0304438
Timings> 
Timings> TIntegration2....... Wall max =   0.105596
Timings>                      Wall avg =   0.105596
Timings>                      Wall min =   0.105596
Timings> 
Timings> External field eval. Wall max =   0.177871
Timings>                      Wall avg =   0.177871
Timings>                      Wall min =   0.177871
Timings> 
Timings> Binaryrepart........ Wall max =          0
Timings>                      Wall avg =          0
Timings>                      Wall min =          0
Timings> 
Timings> OrbThreader......... Wall max =   0.017473
Timings>                      Wall avg =   0.017473
Timings>                      Wall min =   0.017473
Timings> 
Timings> ---------------------------------------------
